SF:lib\core\error\failure.dart
DA:10,1
DA:16,0
LF:2
LH:1
end_of_record
SF:lib\features\home_page\data\datasource\local_data_source.dart
DA:8,0
DA:11,0
DA:12,0
DA:14,0
DA:15,0
DA:16,0
LF:6
LH:0
end_of_record
SF:lib\features\home_page\data\datasource\movies_remote_datasource.dart
DA:22,0
DA:26,0
DA:30,0
DA:31,0
DA:32,0
DA:35,0
DA:36,0
DA:38,0
DA:39,0
DA:40,0
DA:43,0
DA:44,0
DA:46,0
DA:48,0
DA:51,0
LF:15
LH:0
end_of_record
SF:lib\features\home_page\data\models\star_war_model.g.dart
DA:9,1
DA:11,1
DA:12,1
DA:13,1
DA:14,3
DA:15,1
DA:18,0
DA:20,0
DA:21,0
DA:22,0
LF:10
LH:6
end_of_record
SF:lib\features\home_page\data\models\star_war_model.dart
DA:12,2
DA:14,0
DA:16,0
LF:3
LH:1
end_of_record
SF:lib\features\home_page\data\repositories\star_war_repository_impl.dart
DA:16,1
DA:20,0
DA:22,0
DA:25,0
DA:31,0
DA:33,0
LF:6
LH:1
end_of_record
SF:lib\core\error\exceptions.dart
DA:4,0
DA:10,0
LF:2
LH:0
end_of_record
SF:lib\core\storage\star_war_database.dart
DA:11,0
DA:13,0
DA:17,0
DA:20,0
DA:21,0
DA:22,0
DA:24,0
DA:26,0
DA:31,0
DA:32,0
DA:33,0
DA:36,0
DA:41,0
DA:48,0
DA:49,0
DA:54,0
DA:55,0
DA:56,0
DA:57,0
DA:58,0
DA:59,0
DA:60,0
DA:61,0
DA:62,0
DA:63,0
DA:65,0
DA:66,0
DA:67,0
DA:68,0
DA:69,0
DA:72,0
DA:75,0
DA:85,0
DA:86,0
DA:91,0
DA:92,0
DA:97,0
DA:98,0
DA:103,0
DA:104,0
DA:109,0
DA:110,0
DA:111,0
DA:112,0
DA:117,0
DA:118,0
DA:119,0
DA:120,0
DA:121,0
DA:122,0
DA:123,0
DA:124,0
DA:125,0
DA:126,0
DA:127,0
DA:128,0
DA:129,0
DA:130,0
DA:136,0
DA:137,0
DA:138,0
DA:139,0
DA:140,0
DA:141,0
DA:143,0
DA:144,0
DA:145,0
DA:146,0
DA:147,0
DA:148,0
DA:149,0
DA:155,0
DA:156,0
DA:157,0
DA:158,0
LF:75
LH:0
end_of_record
SF:lib\features\character_page\data\models\character_model.dart
DA:12,0
LF:1
LH:0
end_of_record
SF:lib\features\character_page\data\models\character_model.g.dart
DA:9,0
DA:10,0
DA:11,0
DA:12,0
DA:13,0
DA:14,0
DA:15,0
DA:16,0
DA:17,0
DA:18,0
DA:19,0
DA:20,0
DA:21,0
DA:22,0
DA:23,0
DA:24,0
DA:25,0
DA:26,0
DA:29,0
DA:30,0
DA:31,0
DA:32,0
DA:33,0
DA:34,0
DA:35,0
DA:36,0
DA:37,0
DA:38,0
DA:39,0
DA:40,0
DA:41,0
DA:42,0
DA:43,0
DA:44,0
DA:45,0
DA:46,0
LF:36
LH:0
end_of_record
SF:lib\core\utils\services\services.dart
DA:16,0
DA:19,0
DA:20,0
DA:21,0
DA:22,0
DA:25,0
DA:31,0
DA:32,0
DA:34,0
DA:35,0
DA:38,0
DA:39,0
DA:40,0
DA:42,0
DA:43,0
DA:45,0
DA:48,0
DA:51,0
LF:18
LH:0
end_of_record
SF:lib\features\home_page\data\models\movies_list\movies_list.g.dart
DA:9,2
DA:10,1
DA:11,1
DA:12,1
DA:13,1
DA:14,1
DA:15,1
DA:16,4
DA:17,4
DA:18,4
DA:19,4
DA:20,4
DA:21,1
DA:22,1
DA:23,1
DA:26,0
DA:27,0
DA:28,0
DA:29,0
DA:30,0
DA:31,0
DA:32,0
DA:33,0
DA:34,0
DA:35,0
DA:36,0
DA:37,0
DA:38,0
DA:39,0
DA:40,0
DA:41,0
LF:31
LH:15
end_of_record
SF:lib\features\home_page\data\models\movies_list\movies_list.dart
DA:11,2
DA:13,0
DA:15,0
DA:16,0
DA:17,0
DA:18,0
DA:19,0
DA:20,0
DA:21,0
DA:22,0
DA:23,0
DA:24,0
DA:25,0
DA:26,0
DA:27,0
DA:28,0
DA:29,0
LF:17
LH:1
end_of_record
SF:lib\features\home_page\domain\repositories\star_wars_repository.dart
DA:13,0
LF:1
LH:0
end_of_record
